<?xml version="1.0" encoding="UTF-8"?>
<testsuite xmlns:xsi="http://www.w3.org/2001/XMLSchema-instance" xsi:noNamespaceSchemaLocation="https://maven.apache.org/surefire/maven-surefire-plugin/xsd/surefire-test-report.xsd" version="3.0.2" name="com.example.demo.controller.ProductControllerTest" time="0.828" tests="2" errors="0" skipped="0" failures="0">
  <properties>
[...]
</properties>
  <testcase name="testGetProductsByType_WithMatchingProducts" classname="com.example.demo.controller.ProductControllerTest" time="0.212">
    <system-out><![CDATA[2025-12-19T21:59:17.594Z  INFO 3815 --- [demo] [           main] t.c.s.AnnotationConfigContextLoaderUtils : Could not detect default configuration classes for test class [com.example.demo.controller.ProductControllerTest]: ProductControllerTest does not declare any static, non-private, non-final, nested classes annotated with @Configuration.
2025-12-19T21:59:17.656Z  INFO 3815 --- [demo] [           main] .b.t.c.SpringBootTestContextBootstrapper : Found @SpringBootConfiguration com.example.demo.DemoApplication for test class com.example.demo.controller.ProductControllerTest

  .   ____          _            __ _ _
 /\\ / ___'_ __ _ _(_)_ __  __ _ \ \ \ \
( ( )\___ | '_ | '_| | '_ \/ _` | \ \ \ \
 \\/  ___)| |_)| | | | | || (_| |  ) ) ) )
  '  |____| .__|_| |_|_| |_\__, | / / / /
 =========|_|==============|___/=/_/_/_/

 :: Spring Boot ::                (v3.4.1)

2025-12-19T21:59:17.699Z  INFO 3815 --- [demo] [           main] c.e.d.controller.ProductControllerTest   : Starting ProductControllerTest using Java 17.0.17 with PID 3815 (started by runner in /home/runner/work/eevc-chatbot-backend/eevc-chatbot-backend)
2025-12-19T21:59:17.699Z  INFO 3815 --- [demo] [           main] c.e.d.controller.ProductControllerTest   : No active profile set, falling back to 1 default profile: "default"
2025-12-19T21:59:18.153Z  INFO 3815 --- [demo] [           main] o.s.b.t.m.w.SpringBootMockServletContext : Initializing Spring TestDispatcherServlet ''
2025-12-19T21:59:18.153Z  INFO 3815 --- [demo] [           main] o.s.t.web.servlet.TestDispatcherServlet  : Initializing Servlet ''
2025-12-19T21:59:18.157Z  INFO 3815 --- [demo] [           main] o.s.t.web.servlet.TestDispatcherServlet  : Completed initialization in 2 ms
2025-12-19T21:59:18.178Z  INFO 3815 --- [demo] [           main] c.e.d.controller.ProductControllerTest   : Started ProductControllerTest in 0.517 seconds (process running for 3.478)
]]></system-out>
  </testcase>
  <testcase name="testGetProductsByType_WithNoMatchingProducts" classname="com.example.demo.controller.ProductControllerTest" time="0.013"/>
</testsuite>